<?xml version="1.0" encoding="UTF-8"?>
<!-- Generated by org.testng.reporters.JUnitXMLReporter -->
<testsuite ignored="0" hostname="ASTLPTBYOD047" failures="0" tests="4" name="Test" time="0.442" errors="0" timestamp="2024-09-13T18:25:53 IST">
  <testcase classname="org.excel.IPTDataDriven.TestngFunctions" name="method5" time="0.019"/>
  <testcase classname="org.excel.IPTDataDriven.TestngFunctions" name="method1" time="0.014"/>
  <testcase classname="org.excel.IPTDataDriven.TestngFunctions" name="method3" time="0.018"/>
  <testcase classname="org.excel.IPTDataDriven.TestngFunctions" name="method2" time="0.004"/>
</testsuite> <!-- Test -->
