<?xml version="1.0" encoding="UTF-8"?>
<testng-results ignored="0" total="1" passed="1" failed="0" skipped="0">
  <reporter-output>
  </reporter-output>
  <suite started-at="2024-09-27T19:27:17 IST" name="Default suite" finished-at="2024-09-27T19:27:24 IST" duration-ms="6440">
    <groups>
    </groups>
    <test started-at="2024-09-27T19:27:17 IST" name="Default test" finished-at="2024-09-27T19:27:24 IST" duration-ms="6440">
      <class name="restassuredapi.ReqresAPI">
        <test-method signature="Validate()[pri:0, instance:restassuredapi.ReqresAPI@3270d194]" started-at="2024-09-27T19:27:17 IST" name="Validate" finished-at="2024-09-27T19:27:24 IST" duration-ms="6274" status="PASS">
          <reporter-output>
          </reporter-output>
        </test-method> <!-- Validate -->
      </class> <!-- restassuredapi.ReqresAPI -->
    </test> <!-- Default test -->
  </suite> <!-- Default suite -->
</testng-results>
